android/app/build/outputs/mapping/release/mapping.txt
# compiler: R8
# compiler_version: 1.4.94
# min_api: 16
...
com.google.firebase.firestore.local.TargetCache -> com.google.firebase.firestore.d.kb:
    void addMatchingKeys(com.google.firebase.database.collection.ImmutableSortedSet,int) -> a
    void addTargetData(com.google.firebase.firestore.local.TargetData) -> a
    int getHighestTargetId() -> a
    com.google.firebase.database.collection.ImmutableSortedSet getMatchingKeysForTargetId(int) -> a
    com.google.firebase.firestore.local.TargetData getTargetData(com.google.firebase.firestore.core.Target) -> a
    void setLastRemoteSnapshotVersion(com.google.firebase.firestore.model.SnapshotVersion) -> a
    com.google.firebase.firestore.model.SnapshotVersion getLastRemoteSnapshotVersion() -> b
    void removeMatchingKeys(com.google.firebase.database.collection.ImmutableSortedSet,int) -> b
    void removeMatchingKeysForTargetId(int) -> b
    void updateTargetData(com.google.firebase.firestore.local.TargetData) -> b
com.google.firebase.firestore.local.TargetData -> com.google.firebase.firestore.d.lb:
    com.google.firebase.firestore.model.SnapshotVersion snapshotVersion -> e
    com.google.firebase.firestore.local.QueryPurpose purpose -> d
    com.google.firebase.firestore.core.Target target -> a
    com.google.protobuf.ByteString resumeToken -> g
    long sequenceNumber -> c
    int targetId -> b
    com.google.firebase.firestore.model.SnapshotVersion lastLimboFreeSnapshotVersion -> f
    1:1:java.lang.Object com.google.firebase.firestore.util.Preconditions.checkNotNull(java.lang.Object):0:0 -> <init>
    1:1:void <init>(com.google.firebase.firestore.core.Target,int,long,com.google.firebase.firestore.local.QueryPurpose,com.google.firebase.firestore.model.SnapshotVersion,com.google.firebase.firestore.model.SnapshotVersion,com.google.protobuf.ByteString):0 -> <init>
    com.google.firebase.firestore.model.SnapshotVersion getLastLimboFreeSnapshotVersion() -> a
    com.google.firebase.firestore.local.TargetData withLastLimboFreeSnapshotVersion(com.google.firebase.firestore.model.SnapshotVersion) -> a
    com.google.firebase.firestore.local.TargetData withResumeToken(com.google.protobuf.ByteString,com.google.firebase.firestore.model.SnapshotVersion) -> a
    com.google.firebase.firestore.local.TargetData withSequenceNumber(long) -> a
    com.google.firebase.firestore.local.QueryPurpose getPurpose() -> b
    com.google.protobuf.ByteString getResumeToken() -> c
com.google.firebase.firestore.model.-$$Lambda$Document$ADRVfTowpnILo-oR4fYJOD96gow -> com.google.firebase.firestore.e.a:
    com.google.firebase.firestore.model.-$$Lambda$Document$ADRVfTowpnILo-oR4fYJOD96gow INSTANCE -> a
com.google.firebase.firestore.model.-$$Lambda$DocumentSet$As64onVITsbqtUVjQy1h6PDcQ08 -> com.google.firebase.firestore.e.b:
    java.util.Comparator f$0 -> a
com.google.firebase.firestore.model.-$$Lambda$XAtmtz8oW1diW-0poH1cSPyU0eQ -> com.google.firebase.firestore.e.c:
    com.google.firebase.firestore.model.-$$Lambda$XAtmtz8oW1diW-0poH1cSPyU0eQ INSTANCE -> a
com.google.firebase.firestore.model.BasePath -> com.google.firebase.firestore.e.d:
    java.util.List segments -> a
    com.google.firebase.firestore.model.BasePath append(com.google.firebase.firestore.model.BasePath) -> a
    com.google.firebase.firestore.model.BasePath append(java.lang.String) -> a
    com.google.firebase.firestore.model.BasePath createPathWithSegments(java.util.List) -> a
    java.lang.String getSegment(int) -> a
    int compareTo(com.google.firebase.firestore.model.BasePath) -> b
    com.google.firebase.firestore.model.BasePath popFirst(int) -> b
    boolean isPrefixOf(com.google.firebase.firestore.model.BasePath) -> c
    java.lang.String canonicalString() -> d
    java.lang.String getLastSegment() -> e
    boolean isEmpty() -> f
    int length() -> g
    com.google.firebase.firestore.model.BasePath popLast() -> h